#
# A fatal error has been detected by the Java Runtime Environment:
#
#  EXCEPTION_ACCESS_VIOLATION (0xc0000005) at pc=0x000002160000112d, pid=7332, tid=11744
#
# JRE version: OpenJDK Runtime Environment Corretto-11.0.22.7.1 (11.0.22+7) (build 11.0.22+7-LTS)
# Java VM: OpenJDK 64-Bit Server VM Corretto-11.0.22.7.1 (11.0.22+7-LTS, mixed mode, tiered, compressed oops, g1 gc, windows-amd64)
# Problematic frame:
# v  ~StubRoutines::get_previous_fp
#
# No core dump will be written. Minidumps are not enabled by default on client versions of Windows
#
# If you would like to submit a bug report, please visit:
#   https://github.com/corretto/corretto-11/issues/
#

---------------  S U M M A R Y ------------

Command Line: -javaagent:C:\\Users\\Андрей\\.m2\\repository\\org\\jacoco\\org.jacoco.agent\\0.8.5\\org.jacoco.agent-0.8.5-runtime.jar=destfile=C:\\Users\\Андрей\\OneDrive\\Рабочий стол\\GitHubCIJacoco\\GitHubCIJacoco\\target\\jacoco.exec C:\Users\Андрей\AppData\Local\Temp\surefire3264963699418380863\surefirebooter9813864728157494164.jar C:\Users\Андрей\AppData\Local\Temp\surefire3264963699418380863 2024-04-08T20-13-10_806-jvmRun1 surefire6648903875150806355tmp surefire_02262142218724256752tmp

Host: AMD Ryzen 5 3600 6-Core Processor              , 12 cores, 15G,  Windows 10 , 64 bit Build 19041 (10.0.19041.3636)
Time: Mon Apr  8 20:13:11 2024 RTZ 2 (s 10 , 64 bit Build 19041 (10.0.19041.3636) elapsed time: 0.152828 seconds (0d 0h 0m 0s)

---------------  T H R E A D  ---------------

Current thread (0x000002166ea36800):  JavaThread "main" [_thread_in_vm, id=11744, stack(0x0000002287200000,0x0000002287300000)]

Stack: [0x0000002287200000,0x0000002287300000],  sp=0x00000022872ff090,  free space=1020k
Native frames: (J=compiled Java code, j=interpreted, Vv=VM code, C=native code)
C  0x000002160000112d


siginfo: EXCEPTION_ACCESS_VIOLATION (0xc0000005), reading address 0x00000000000003d8


Register to memory mapping:

RIP=0x000002160000112d is at begin+8 in a stub
StubRoutines::get_previous_fp [0x0000021600001125, 0x0000021600001132[ (13 bytes)
RAX=0x00000000000003d8 is an unknown value
RBX=0x00000022872ff130 is pointing into the stack for thread: 0x000002166ea36800
RCX=0x00000022872ff130 is pointing into the stack for thread: 0x000002166ea36800
RDX=0x0 is NULL
RSP=0x00000022872ff090 is pointing into the stack for thread: 0x000002166ea36800
RBP=0x00000022872ff090 is pointing into the stack for thread: 0x000002166ea36800
RSI=0x0 is NULL
RDI=0x000002166ea36800 is a thread
R8 =0x00000022872ff008 is pointing into the stack for thread: 0x000002166ea36800
R9 =0x0000000000000001 is an unknown value
R10=0x0 is NULL
R11=0x00000022872ff0c0 is pointing into the stack for thread: 0x000002166ea36800
R12=0x000002166ea37118 points into unknown readable memory: 0x08036d8d3877949f | 9f 94 77 38 8d 6d 03 08
R13=0x000002167fc850c8 points into unknown readable memory: 0x000002166c81f2b0 | b0 f2 81 6c 16 02 00 00
R14=0x0000021613b20080 points into unknown readable memory: 0x00000216138e34f0 | f0 34 8e 13 16 02 00 00
R15=0x000002166ea36d40 points into unknown readable memory: 0x0072006f006d0020 | 20 00 6d 00 6f 00 72 00


Registers:
RAX=0x00000000000003d8, RBX=0x00000022872ff130, RCX=0x00000022872ff130, RDX=0x0000000000000000
RSP=0x00000022872ff090, RBP=0x00000022872ff090, RSI=0x0000000000000000, RDI=0x000002166ea36800
R8 =0x00000022872ff008, R9 =0x0000000000000001, R10=0x0000000000000000, R11=0x00000022872ff0c0
R12=0x000002166ea37118, R13=0x000002167fc850c8, R14=0x0000021613b20080, R15=0x000002166ea36d40
RIP=0x000002160000112d, EFLAGS=0x0000000000010202

Top of Stack: (sp=0x00000022872ff090)
0x00000022872ff090:   00000000000003d8 00007ffc6aa05376
0x00000022872ff0a0:   00000000000000af 00000022872ff190
0x00000022872ff0b0:   00007ffca52282d0 00007ffcad9eb3e4
0x00000022872ff0c0:   000002166ea36d30 00007ffc6a48232c
0x00000022872ff0d0:   000002166ea36800 000002166c81dd30
0x00000022872ff0e0:   00000000000007d0 0000000000007fd8
0x00000022872ff0f0:   000002166ea36800 00007ffc6ab59301
0x00000022872ff100:   000002166c81dd30 000002166ea36d30
0x00000022872ff110:   000002166ea36d30 000002167fc59c68
0x00000022872ff120:   000002166ea1c6f8 00007ffca522148c
0x00000022872ff130:   0000000000000000 0000000000000024
0x00000022872ff140:   00007ffca52282d0 00000022872ff190
0x00000022872ff150:   00007ffcadabf540 0000000000000000
0x00000022872ff160:   0000cabb8b1ec1a6 00007ffca5227ae0
0x00000022872ff170:   000002166ea36800 00007ffc6aa07ac0
0x00000022872ff180:   000002166ea36b48 00007ffca52282d0 

Instructions: (pc=0x000002160000112d)
0x000002160000102d:   84 83 00 00 00 83 fa 07 0f 84 80 00 00 00 89 01
0x000002160000103d:   48 8d a5 28 fe ff ff c5 fa 6f 75 b8 c5 fa 6f 7d
0x000002160000104d:   a8 c5 7a 6f 45 98 c5 7a 6f 4d 88 c5 7a 6f 95 78
0x000002160000105d:   ff ff ff c5 7a 6f 9d 68 ff ff ff c5 7a 6f a5 58
0x000002160000106d:   ff ff ff c5 7a 6f ad 48 ff ff ff c5 7a 6f b5 38
0x000002160000107d:   ff ff ff c5 7a 6f bd 28 ff ff ff 4c 8b 7d c8 4c
0x000002160000108d:   8b 75 d0 4c 8b 6d d8 4c 8b 65 e0 48 8b 5d f8 48
0x000002160000109d:   8b 7d e8 48 8b 75 f0 48 81 c4 d8 01 00 00 c5 f8
0x00000216000010ad:   77 5d c3 48 89 01 eb 88 c5 fa 11 01 eb 82 c5 fb
0x00000216000010bd:   11 01 e9 79 ff ff ff 49 89 47 08 49 ba a0 53 d0
0x00000216000010cd:   6a fc 7f 00 00 4d 89 57 10 41 c7 47 18 da 01 00
0x00000216000010dd:   00 e9 2d ff ff ff 8b c1 87 02 c3 48 8b c1 48 87
0x00000216000010ed:   02 c3 41 8b c0 f0 0f b1 0a c3 49 0f be c0 f0 0f
0x00000216000010fd:   b0 0a c3 49 8b c0 f0 48 0f b1 0a c3 8b c1 f0 0f
0x000002160000110d:   c1 0a 03 c1 c3 48 8b c1 f0 48 0f c1 0a 48 03 c1
0x000002160000111d:   c3 f0 83 44 24 c0 00 c3 55 48 8b ec 48 8b 45 00
0x000002160000112d:   48 8b 00 5d c3 48 8b c4 48 83 c0 08 c3 c3 0f 1f
0x000002160000113d:   44 00 00 55 48 8b ec 49 b9 30 05 e6 6a fc 7f 00
0x000002160000114d:   00 f7 d1 41 83 f8 10 0f 8c 38 02 00 00 44 8b da
0x000002160000115d:   41 83 e3 0f 74 23 41 83 eb 10 45 03 c3 66 90 0f
0x000002160000116d:   be 02 33 c1 81 e0 ff 00 00 00 c1 e9 08 41 33 0c
0x000002160000117d:   81 48 ff c2 41 ff c3 7c e6 45 8b d8 41 c1 e8 04
0x000002160000118d:   0f 84 fc 01 00 00 c5 f9 6f 0a c5 f9 7e c8 33 c8
0x000002160000119d:   c4 e3 71 22 c9 00 48 83 c2 10 41 83 e8 04 0f 8c
0x00000216000011ad:   d7 00 00 00 c5 f9 6f 12 c5 f9 6f 5a 10 c5 f9 6f
0x00000216000011bd:   62 20 48 83 c2 30 41 83 e8 03 0f 8e 70 00 00 00
0x00000216000011cd:   49 ba 20 05 e6 6a fc 7f 00 00 c4 c1 7a 6f 02 0f
0x00000216000011dd:   1f 40 00 c4 e3 79 44 e9 11 c4 e3 79 44 c9 00 c5
0x00000216000011ed:   f1 ef 0a c5 f1 ef cd c4 e3 79 44 ea 11 c4 e3 79
0x00000216000011fd:   44 d2 00 c5 e9 ef 52 10 c5 e9 ef d5 c4 e3 79 44
0x000002160000120d:   eb 11 c4 e3 79 44 db 00 c5 e1 ef 5a 20 c5 e1 ef
0x000002160000121d:   dd c4 e3 79 44 ec 11 c4 e3 79 44 e4 00 c5 d9 ef 


Stack slot to memory mapping:
stack at sp + 0 slots: 0x00000000000003d8 is an unknown value
stack at sp + 1 slots: 0x00007ffc6aa05376 jvm.dll
stack at sp + 2 slots: 0x00000000000000af is an unknown value
stack at sp + 3 slots: 0x00000022872ff190 is pointing into the stack for thread: 0x000002166ea36800
stack at sp + 4 slots: 0x00007ffca52282d0 instrument.dll
stack at sp + 5 slots: 0x00007ffcad9eb3e4 ucrtbase.dll
stack at sp + 6 slots: 0x000002166ea36d30 points into unknown readable memory: 0x0000021613b20070 | 70 00 b2 13 16 02 00 00
stack at sp + 7 slots: 0x00007ffc6a48232c jvm.dll

StubRoutines::get_previous_fp [0x0000021600001125, 0x0000021600001132[ (13 bytes)
---------------  P R O C E S S  ---------------

Threads class SMR info:
_java_thread_list=0x0000021613a2ae60, length=11, elements={
0x000002166ea36800, 0x000002167fc88800, 0x000002167fc81800, 0x00000216138ac800,
0x00000216138ad800, 0x00000216138af000, 0x00000216138b8800, 0x00000216138bd800,
0x00000216138bf000, 0x0000021613840800, 0x0000021613a55000
}

Java Threads: ( => current thread )
=>0x000002166ea36800 JavaThread "main" [_thread_in_vm, id=11744, stack(0x0000002287200000,0x0000002287300000)]
  0x000002167fc88800 JavaThread "Reference Handler" daemon [_thread_blocked, id=14104, stack(0x0000002287900000,0x0000002287a00000)]
  0x000002167fc81800 JavaThread "Finalizer" daemon [_thread_blocked, id=13340, stack(0x0000002287a00000,0x0000002287b00000)]
  0x00000216138ac800 JavaThread "Signal Dispatcher" daemon [_thread_blocked, id=12356, stack(0x0000002287b00000,0x0000002287c00000)]
  0x00000216138ad800 JavaThread "Attach Listener" daemon [_thread_blocked, id=3300, stack(0x0000002287c00000,0x0000002287d00000)]
  0x00000216138af000 JavaThread "Service Thread" daemon [_thread_blocked, id=15308, stack(0x0000002287d00000,0x0000002287e00000)]
  0x00000216138b8800 JavaThread "C2 CompilerThread0" daemon [_thread_blocked, id=6332, stack(0x0000002287e00000,0x0000002287f00000)]
  0x00000216138bd800 JavaThread "C1 CompilerThread0" daemon [_thread_blocked, id=9836, stack(0x0000002287f00000,0x0000002288000000)]
  0x00000216138bf000 JavaThread "Sweeper thread" daemon [_thread_blocked, id=15316, stack(0x0000002288000000,0x0000002288100000)]
  0x0000021613840800 JavaThread "Common-Cleaner" daemon [_thread_blocked, id=1900, stack(0x0000002288100000,0x0000002288200000)]
  0x0000021613a55000 JavaThread "C2 CompilerThread1" daemon [_thread_blocked, id=10148, stack(0x0000002288200000,0x0000002288300000)]

Other Threads:
  0x000002167fc76000 VMThread "VM Thread" [stack: 0x0000002287800000,0x0000002287900000] [id=10144]
  0x000002166ea50000 GCTaskThread "GC Thread#0" [stack: 0x0000002287300000,0x0000002287400000] [id=12128]
  0x000002166eaae000 ConcurrentGCThread "G1 Main Marker" [stack: 0x0000002287400000,0x0000002287500000] [id=5164]
  0x000002166eaaf800 ConcurrentGCThread "G1 Conc#0" [stack: 0x0000002287500000,0x0000002287600000] [id=13556]
  0x000002167fb58800 ConcurrentGCThread "G1 Refine#0" [stack: 0x0000002287600000,0x0000002287700000] [id=7804]
  0x000002167fb5a000 ConcurrentGCThread "G1 Young RemSet Sampling" [stack: 0x0000002287700000,0x0000002287800000] [id=552]

Threads with active compile tasks:

VM state:not at safepoint (normal execution)

VM Mutex/Monitor currently owned by a thread: None

Heap address: 0x0000000701000000, size: 4080 MB, Compressed Oops mode: Zero based, Oop shift amount: 3
Narrow klass base: 0x0000000800000000, Narrow klass shift: 0
Compressed class space size: 1073741824 Address: 0x0000000800000000

Heap:
 garbage-first heap   total 262144K, used 2048K [0x0000000701000000, 0x0000000800000000)
  region size 1024K, 3 young (3072K), 0 survivors (0K)
 Metaspace       used 6701K, capacity 6850K, committed 7168K, reserved 1056768K
  class space    used 582K, capacity 643K, committed 768K, reserved 1048576K
Heap Regions: E=young(eden), S=young(survivor), O=old, HS=humongous(starts), HC=humongous(continues), CS=collection set, F=free, A=archive, TAMS=top-at-mark-start (previous, next)
|   0|0x0000000701000000, 0x0000000701000000, 0x0000000701100000|  0%| F|  |TAMS 0x0000000701000000, 0x0000000701000000| Untracked 
|   1|0x0000000701100000, 0x0000000701100000, 0x0000000701200000|  0%| F|  |TAMS 0x0000000701100000, 0x0000000701100000| Untracked 
|   2|0x0000000701200000, 0x0000000701200000, 0x0000000701300000|  0%| F|  |TAMS 0x0000000701200000, 0x0000000701200000| Untracked 
|   3|0x0000000701300000, 0x0000000701300000, 0x0000000701400000|  0%| F|  |TAMS 0x0000000701300000, 0x0000000701300000| Untracked 
|   4|0x0000000701400000, 0x0000000701400000, 0x0000000701500000|  0%| F|  |TAMS 0x0000000701400000, 0x0000000701400000| Untracked 
|   5|0x0000000701500000, 0x0000000701500000, 0x0000000701600000|  0%| F|  |TAMS 0x0000000701500000, 0x0000000701500000| Untracked 
|   6|0x0000000701600000, 0x0000000701600000, 0x0000000701700000|  0%| F|  |TAMS 0x0000000701600000, 0x0000000701600000| Untracked 
|   7|0x0000000701700000, 0x0000000701700000, 0x0000000701800000|  0%| F|  |TAMS 0x0000000701700000, 0x0000000701700000| Untracked 
|   8|0x0000000701800000, 0x0000000701800000, 0x0000000701900000|  0%| F|  |TAMS 0x0000000701800000, 0x0000000701800000| Untracked 
|   9|0x0000000701900000, 0x0000000701900000, 0x0000000701a00000|  0%| F|  |TAMS 0x0000000701900000, 0x0000000701900000| Untracked 
|  10|0x0000000701a00000, 0x0000000701a00000, 0x0000000701b00000|  0%| F|  |TAMS 0x0000000701a00000, 0x0000000701a00000| Untracked 
|  11|0x0000000701b00000, 0x0000000701b00000, 0x0000000701c00000|  0%| F|  |TAMS 0x0000000701b00000, 0x0000000701b00000| Untracked 
|  12|0x0000000701c00000, 0x0000000701c00000, 0x0000000701d00000|  0%| F|  |TAMS 0x0000000701c00000, 0x0000000701c00000| Untracked 
|  13|0x0000000701d00000, 0x0000000701d00000, 0x0000000701e00000|  0%| F|  |TAMS 0x0000000701d00000, 0x0000000701d00000| Untracked 
|  14|0x0000000701e00000, 0x0000000701e00000, 0x0000000701f00000|  0%| F|  |TAMS 0x0000000701e00000, 0x0000000701e00000| Untracked 
|  15|0x0000000701f00000, 0x0000000701f00000, 0x0000000702000000|  0%| F|  |TAMS 0x0000000701f00000, 0x0000000701f00000| Untracked 
|  16|0x0000000702000000, 0x0000000702000000, 0x0000000702100000|  0%| F|  |TAMS 0x0000000702000000, 0x0000000702000000| Untracked 
|  17|0x0000000702100000, 0x0000000702100000, 0x0000000702200000|  0%| F|  |TAMS 0x0000000702100000, 0x0000000702100000| Untracked 
|  18|0x0000000702200000, 0x0000000702200000, 0x0000000702300000|  0%| F|  |TAMS 0x0000000702200000, 0x0000000702200000| Untracked 
|  19|0x0000000702300000, 0x0000000702300000, 0x0000000702400000|  0%| F|  |TAMS 0x0000000702300000, 0x0000000702300000| Untracked 
|  20|0x0000000702400000, 0x0000000702400000, 0x0000000702500000|  0%| F|  |TAMS 0x0000000702400000, 0x0000000702400000| Untracked 
|  21|0x0000000702500000, 0x0000000702500000, 0x0000000702600000|  0%| F|  |TAMS 0x0000000702500000, 0x0000000702500000| Untracked 
|  22|0x0000000702600000, 0x0000000702600000, 0x0000000702700000|  0%| F|  |TAMS 0x0000000702600000, 0x0000000702600000| Untracked 
|  23|0x0000000702700000, 0x0000000702700000, 0x0000000702800000|  0%| F|  |TAMS 0x0000000702700000, 0x0000000702700000| Untracked 
|  24|0x0000000702800000, 0x0000000702800000, 0x0000000702900000|  0%| F|  |TAMS 0x0000000702800000, 0x0000000702800000| Untracked 
|  25|0x0000000702900000, 0x0000000702900000, 0x0000000702a00000|  0%| F|  |TAMS 0x0000000702900000, 0x0000000702900000| Untracked 
|  26|0x0000000702a00000, 0x0000000702a00000, 0x0000000702b00000|  0%| F|  |TAMS 0x0000000702a00000, 0x0000000702a00000| Untracked 
|  27|0x0000000702b00000, 0x0000000702b00000, 0x0000000702c00000|  0%| F|  |TAMS 0x0000000702b00000, 0x0000000702b00000| Untracked 
|  28|0x0000000702c00000, 0x0000000702c00000, 0x0000000702d00000|  0%| F|  |TAMS 0x0000000702c00000, 0x0000000702c00000| Untracked 
|  29|0x0000000702d00000, 0x0000000702d00000, 0x0000000702e00000|  0%| F|  |TAMS 0x0000000702d00000, 0x0000000702d00000| Untracked 
|  30|0x0000000702e00000, 0x0000000702e00000, 0x0000000702f00000|  0%| F|  |TAMS 0x0000000702e00000, 0x0000000702e00000| Untracked 
|  31|0x0000000702f00000, 0x0000000702f00000, 0x0000000703000000|  0%| F|  |TAMS 0x0000000702f00000, 0x0000000702f00000| Untracked 
|  32|0x0000000703000000, 0x0000000703000000, 0x0000000703100000|  0%| F|  |TAMS 0x0000000703000000, 0x0000000703000000| Untracked 
|  33|0x0000000703100000, 0x0000000703100000, 0x0000000703200000|  0%| F|  |TAMS 0x0000000703100000, 0x0000000703100000| Untracked 
|  34|0x0000000703200000, 0x0000000703200000, 0x0000000703300000|  0%| F|  |TAMS 0x0000000703200000, 0x0000000703200000| Untracked 
|  35|0x0000000703300000, 0x0000000703300000, 0x0000000703400000|  0%| F|  |TAMS 0x0000000703300000, 0x0000000703300000| Untracked 
|  36|0x0000000703400000, 0x0000000703400000, 0x0000000703500000|  0%| F|  |TAMS 0x0000000703400000, 0x0000000703400000| Untracked 
|  37|0x0000000703500000, 0x0000000703500000, 0x0000000703600000|  0%| F|  |TAMS 0x0000000703500000, 0x0000000703500000| Untracked 
|  38|0x0000000703600000, 0x0000000703600000, 0x0000000703700000|  0%| F|  |TAMS 0x0000000703600000, 0x0000000703600000| Untracked 
|  39|0x0000000703700000, 0x0000000703700000, 0x0000000703800000|  0%| F|  |TAMS 0x0000000703700000, 0x0000000703700000| Untracked 
|  40|0x0000000703800000, 0x0000000703800000, 0x0000000703900000|  0%| F|  |TAMS 0x0000000703800000, 0x0000000703800000| Untracked 
|  41|0x0000000703900000, 0x0000000703900000, 0x0000000703a00000|  0%| F|  |TAMS 0x0000000703900000, 0x0000000703900000| Untracked 
|  42|0x0000000703a00000, 0x0000000703a00000, 0x0000000703b00000|  0%| F|  |TAMS 0x0000000703a00000, 0x0000000703a00000| Untracked 
|  43|0x0000000703b00000, 0x0000000703b00000, 0x0000000703c00000|  0%| F|  |TAMS 0x0000000703b00000, 0x0000000703b00000| Untracked 
|  44|0x0000000703c00000, 0x0000000703c00000, 0x0000000703d00000|  0%| F|  |TAMS 0x0000000703c00000, 0x0000000703c00000| Untracked 
|  45|0x0000000703d00000, 0x0000000703d00000, 0x0000000703e00000|  0%| F|  |TAMS 0x0000000703d00000, 0x0000000703d00000| Untracked 
|  46|0x0000000703e00000, 0x0000000703e00000, 0x0000000703f00000|  0%| F|  |TAMS 0x0000000703e00000, 0x0000000703e00000| Untracked 
|  47|0x0000000703f00000, 0x0000000703f00000, 0x0000000704000000|  0%| F|  |TAMS 0x0000000703f00000, 0x0000000703f00000| Untracked 
|  48|0x0000000704000000, 0x0000000704000000, 0x0000000704100000|  0%| F|  |TAMS 0x0000000704000000, 0x0000000704000000| Untracked 
|  49|0x0000000704100000, 0x0000000704100000, 0x0000000704200000|  0%| F|  |TAMS 0x0000000704100000, 0x0000000704100000| Untracked 
|  50|0x0000000704200000, 0x0000000704200000, 0x0000000704300000|  0%| F|  |TAMS 0x0000000704200000, 0x0000000704200000| Untracked 
|  51|0x0000000704300000, 0x0000000704300000, 0x0000000704400000|  0%| F|  |TAMS 0x0000000704300000, 0x0000000704300000| Untracked 
|  52|0x0000000704400000, 0x0000000704400000, 0x0000000704500000|  0%| F|  |TAMS 0x0000000704400000, 0x0000000704400000| Untracked 
|  53|0x0000000704500000, 0x0000000704500000, 0x0000000704600000|  0%| F|  |TAMS 0x0000000704500000, 0x0000000704500000| Untracked 
|  54|0x0000000704600000, 0x0000000704600000, 0x0000000704700000|  0%| F|  |TAMS 0x0000000704600000, 0x0000000704600000| Untracked 
|  55|0x0000000704700000, 0x0000000704700000, 0x0000000704800000|  0%| F|  |TAMS 0x0000000704700000, 0x0000000704700000| Untracked 
|  56|0x0000000704800000, 0x0000000704800000, 0x0000000704900000|  0%| F|  |TAMS 0x0000000704800000, 0x0000000704800000| Untracked 
|  57|0x0000000704900000, 0x0000000704900000, 0x0000000704a00000|  0%| F|  |TAMS 0x0000000704900000, 0x0000000704900000| Untracked 
|  58|0x0000000704a00000, 0x0000000704a00000, 0x0000000704b00000|  0%| F|  |TAMS 0x0000000704a00000, 0x0000000704a00000| Untracked 
|  59|0x0000000704b00000, 0x0000000704b00000, 0x0000000704c00000|  0%| F|  |TAMS 0x0000000704b00000, 0x0000000704b00000| Untracked 
|  60|0x0000000704c00000, 0x0000000704c00000, 0x0000000704d00000|  0%| F|  |TAMS 0x0000000704c00000, 0x0000000704c00000| Untracked 
|  61|0x0000000704d00000, 0x0000000704d00000, 0x0000000704e00000|  0%| F|  |TAMS 0x0000000704d00000, 0x0000000704d00000| Untracked 
|  62|0x0000000704e00000, 0x0000000704e00000, 0x0000000704f00000|  0%| F|  |TAMS 0x0000000704e00000, 0x0000000704e00000| Untracked 
|  63|0x0000000704f00000, 0x0000000704f00000, 0x0000000705000000|  0%| F|  |TAMS 0x0000000704f00000, 0x0000000704f00000| Untracked 
|  64|0x0000000705000000, 0x0000000705000000, 0x0000000705100000|  0%| F|  |TAMS 0x0000000705000000, 0x0000000705000000| Untracked 
|  65|0x0000000705100000, 0x0000000705100000, 0x0000000705200000|  0%| F|  |TAMS 0x0000000705100000, 0x0000000705100000| Untracked 
|  66|0x0000000705200000, 0x0000000705200000, 0x0000000705300000|  0%| F|  |TAMS 0x0000000705200000, 0x0000000705200000| Untracked 
|  67|0x0000000705300000, 0x0000000705300000, 0x0000000705400000|  0%| F|  |TAMS 0x0000000705300000, 0x0000000705300000| Untracked 
|  68|0x0000000705400000, 0x0000000705400000, 0x0000000705500000|  0%| F|  |TAMS 0x0000000705400000, 0x0000000705400000| Untracked 
|  69|0x0000000705500000, 0x0000000705500000, 0x0000000705600000|  0%| F|  |TAMS 0x0000000705500000, 0x0000000705500000| Untracked 
|  70|0x0000000705600000, 0x0000000705600000, 0x0000000705700000|  0%| F|  |TAMS 0x0000000705600000, 0x0000000705600000| Untracked 
|  71|0x0000000705700000, 0x0000000705700000, 0x0000000705800000|  0%| F|  |TAMS 0x0000000705700000, 0x0000000705700000| Untracked 
|  72|0x0000000705800000, 0x0000000705800000, 0x0000000705900000|  0%| F|  |TAMS 0x0000000705800000, 0x0000000705800000| Untracked 
|  73|0x0000000705900000, 0x0000000705900000, 0x0000000705a00000|  0%| F|  |TAMS 0x0000000705900000, 0x0000000705900000| Untracked 
|  74|0x0000000705a00000, 0x0000000705a00000, 0x0000000705b00000|  0%| F|  |TAMS 0x0000000705a00000, 0x0000000705a00000| Untracked 
|  75|0x0000000705b00000, 0x0000000705b00000, 0x0000000705c00000|  0%| F|  |TAMS 0x0000000705b00000, 0x0000000705b00000| Untracked 
|  76|0x0000000705c00000, 0x0000000705c00000, 0x0000000705d00000|  0%| F|  |TAMS 0x0000000705c00000, 0x0000000705c00000| Untracked 
|  77|0x0000000705d00000, 0x0000000705d00000, 0x0000000705e00000|  0%| F|  |TAMS 0x0000000705d00000, 0x0000000705d00000| Untracked 
|  78|0x0000000705e00000, 0x0000000705e00000, 0x0000000705f00000|  0%| F|  |TAMS 0x0000000705e00000, 0x0000000705e00000| Untracked 
|  79|0x0000000705f00000, 0x0000000705f00000, 0x0000000706000000|  0%| F|  |TAMS 0x0000000705f00000, 0x0000000705f00000| Untracked 
|  80|0x0000000706000000, 0x0000000706000000, 0x0000000706100000|  0%| F|  |TAMS 0x0000000706000000, 0x0000000706000000| Untracked 
|  81|0x0000000706100000, 0x0000000706100000, 0x0000000706200000|  0%| F|  |TAMS 0x0000000706100000, 0x0000000706100000| Untracked 
|  82|0x0000000706200000, 0x0000000706200000, 0x0000000706300000|  0%| F|  |TAMS 0x0000000706200000, 0x0000000706200000| Untracked 
|  83|0x0000000706300000, 0x0000000706300000, 0x0000000706400000|  0%| F|  |TAMS 0x0000000706300000, 0x0000000706300000| Untracked 
|  84|0x0000000706400000, 0x0000000706400000, 0x0000000706500000|  0%| F|  |TAMS 0x0000000706400000, 0x0000000706400000| Untracked 
|  85|0x0000000706500000, 0x0000000706500000, 0x0000000706600000|  0%| F|  |TAMS 0x0000000706500000, 0x0000000706500000| Untracked 
|  86|0x0000000706600000, 0x0000000706600000, 0x0000000706700000|  0%| F|  |TAMS 0x0000000706600000, 0x0000000706600000| Untracked 
|  87|0x0000000706700000, 0x0000000706700000, 0x0000000706800000|  0%| F|  |TAMS 0x0000000706700000, 0x0000000706700000| Untracked 
|  88|0x0000000706800000, 0x0000000706800000, 0x0000000706900000|  0%| F|  |TAMS 0x0000000706800000, 0x0000000706800000| Untracked 
|  89|0x0000000706900000, 0x0000000706900000, 0x0000000706a00000|  0%| F|  |TAMS 0x0000000706900000, 0x0000000706900000| Untracked 
|  90|0x0000000706a00000, 0x0000000706a00000, 0x0000000706b00000|  0%| F|  |TAMS 0x0000000706a00000, 0x0000000706a00000| Untracked 
|  91|0x0000000706b00000, 0x0000000706b00000, 0x0000000706c00000|  0%| F|  |TAMS 0x0000000706b00000, 0x0000000706b00000| Untracked 
|  92|0x0000000706c00000, 0x0000000706c00000, 0x0000000706d00000|  0%| F|  |TAMS 0x0000000706c00000, 0x0000000706c00000| Untracked 
|  93|0x0000000706d00000, 0x0000000706d00000, 0x0000000706e00000|  0%| F|  |TAMS 0x0000000706d00000, 0x0000000706d00000| Untracked 
|  94|0x0000000706e00000, 0x0000000706e00000, 0x0000000706f00000|  0%| F|  |TAMS 0x0000000706e00000, 0x0000000706e00000| Untracked 
|  95|0x0000000706f00000, 0x0000000706f00000, 0x0000000707000000|  0%| F|  |TAMS 0x0000000706f00000, 0x0000000706f00000| Untracked 
|  96|0x0000000707000000, 0x0000000707000000, 0x0000000707100000|  0%| F|  |TAMS 0x0000000707000000, 0x0000000707000000| Untracked 
|  97|0x0000000707100000, 0x0000000707100000, 0x0000000707200000|  0%| F|  |TAMS 0x0000000707100000, 0x0000000707100000| Untracked 
|  98|0x0000000707200000, 0x0000000707200000, 0x0000000707300000|  0%| F|  |TAMS 0x0000000707200000, 0x0000000707200000| Untracked 
|  99|0x0000000707300000, 0x0000000707300000, 0x0000000707400000|  0%| F|  |TAMS 0x0000000707300000, 0x0000000707300000| Untracked 
| 100|0x0000000707400000, 0x0000000707400000, 0x0000000707500000|  0%| F|  |TAMS 0x0000000707400000, 0x0000000707400000| Untracked 
| 101|0x0000000707500000, 0x0000000707500000, 0x0000000707600000|  0%| F|  |TAMS 0x0000000707500000, 0x0000000707500000| Untracked 
| 102|0x0000000707600000, 0x0000000707600000, 0x0000000707700000|  0%| F|  |TAMS 0x0000000707600000, 0x0000000707600000| Untracked 
| 103|0x0000000707700000, 0x0000000707700000, 0x0000000707800000|  0%| F|  |TAMS 0x0000000707700000, 0x0000000707700000| Untracked 
| 104|0x0000000707800000, 0x0000000707800000, 0x0000000707900000|  0%| F|  |TAMS 0x0000000707800000, 0x0000000707800000| Untracked 
| 105|0x0000000707900000, 0x0000000707900000, 0x0000000707a00000|  0%| F|  |TAMS 0x0000000707900000, 0x0000000707900000| Untracked 
| 106|0x0000000707a00000, 0x0000000707a00000, 0x0000000707b00000|  0%| F|  |TAMS 0x0000000707a00000, 0x0000000707a00000| Untracked 
| 107|0x0000000707b00000, 0x0000000707b00000, 0x0000000707c00000|  0%| F|  |TAMS 0x0000000707b00000, 0x0000000707b00000| Untracked 
| 108|0x0000000707c00000, 0x0000000707c00000, 0x0000000707d00000|  0%| F|  |TAMS 0x0000000707c00000, 0x0000000707c00000| Untracked 
| 109|0x0000000707d00000, 0x0000000707d00000, 0x0000000707e00000|  0%| F|  |TAMS 0x0000000707d00000, 0x0000000707d00000| Untracked 
| 110|0x0000000707e00000, 0x0000000707e00000, 0x0000000707f00000|  0%| F|  |TAMS 0x0000000707e00000, 0x0000000707e00000| Untracked 
| 111|0x0000000707f00000, 0x0000000707f00000, 0x0000000708000000|  0%| F|  |TAMS 0x0000000707f00000, 0x0000000707f00000| Untracked 
| 112|0x0000000708000000, 0x0000000708000000, 0x0000000708100000|  0%| F|  |TAMS 0x0000000708000000, 0x0000000708000000| Untracked 
| 113|0x0000000708100000, 0x0000000708100000, 0x0000000708200000|  0%| F|  |TAMS 0x0000000708100000, 0x0000000708100000| Untracked 
| 114|0x0000000708200000, 0x0000000708200000, 0x0000000708300000|  0%| F|  |TAMS 0x0000000708200000, 0x0000000708200000| Untracked 
| 115|0x0000000708300000, 0x0000000708300000, 0x0000000708400000|  0%| F|  |TAMS 0x0000000708300000, 0x0000000708300000| Untracked 
| 116|0x0000000708400000, 0x0000000708400000, 0x0000000708500000|  0%| F|  |TAMS 0x0000000708400000, 0x0000000708400000| Untracked 
| 117|0x0000000708500000, 0x0000000708500000, 0x0000000708600000|  0%| F|  |TAMS 0x0000000708500000, 0x0000000708500000| Untracked 
| 118|0x0000000708600000, 0x0000000708600000, 0x0000000708700000|  0%| F|  |TAMS 0x0000000708600000, 0x0000000708600000| Untracked 
| 119|0x0000000708700000, 0x0000000708700000, 0x0000000708800000|  0%| F|  |TAMS 0x0000000708700000, 0x0000000708700000| Untracked 
| 120|0x0000000708800000, 0x0000000708800000, 0x0000000708900000|  0%| F|  |TAMS 0x0000000708800000, 0x0000000708800000| Untracked 
| 121|0x0000000708900000, 0x0000000708900000, 0x0000000708a00000|  0%| F|  |TAMS 0x0000000708900000, 0x0000000708900000| Untracked 
| 122|0x0000000708a00000, 0x0000000708a00000, 0x0000000708b00000|  0%| F|  |TAMS 0x0000000708a00000, 0x0000000708a00000| Untracked 
| 123|0x0000000708b00000, 0x0000000708b00000, 0x0000000708c00000|  0%| F|  |TAMS 0x0000000708b00000, 0x0000000708b00000| Untracked 
| 124|0x0000000708c00000, 0x0000000708c00000, 0x0000000708d00000|  0%| F|  |TAMS 0x0000000708c00000, 0x0000000708c00000| Untracked 
| 125|0x0000000708d00000, 0x0000000708d00000, 0x0000000708e00000|  0%| F|  |TAMS 0x0000000708d00000, 0x0000000708d00000| Untracked 
| 126|0x0000000708e00000, 0x0000000708e00000, 0x0000000708f00000|  0%| F|  |TAMS 0x0000000708e00000, 0x0000000708e00000| Untracked 
| 127|0x0000000708f00000, 0x0000000708f00000, 0x0000000709000000|  0%| F|  |TAMS 0x0000000708f00000, 0x0000000708f00000| Untracked 
| 128|0x0000000709000000, 0x0000000709000000, 0x0000000709100000|  0%| F|  |TAMS 0x0000000709000000, 0x0000000709000000| Untracked 
| 129|0x0000000709100000, 0x0000000709100000, 0x0000000709200000|  0%| F|  |TAMS 0x0000000709100000, 0x0000000709100000| Untracked 
| 130|0x0000000709200000, 0x0000000709200000, 0x0000000709300000|  0%| F|  |TAMS 0x0000000709200000, 0x0000000709200000| Untracked 
| 131|0x0000000709300000, 0x0000000709300000, 0x0000000709400000|  0%| F|  |TAMS 0x0000000709300000, 0x0000000709300000| Untracked 
| 132|0x0000000709400000, 0x0000000709400000, 0x0000000709500000|  0%| F|  |TAMS 0x0000000709400000, 0x0000000709400000| Untracked 
| 133|0x0000000709500000, 0x0000000709500000, 0x0000000709600000|  0%| F|  |TAMS 0x0000000709500000, 0x0000000709500000| Untracked 
| 134|0x0000000709600000, 0x0000000709600000, 0x0000000709700000|  0%| F|  |TAMS 0x0000000709600000, 0x0000000709600000| Untracked 
| 135|0x0000000709700000, 0x0000000709700000, 0x0000000709800000|  0%| F|  |TAMS 0x0000000709700000, 0x0000000709700000| Untracked 
| 136|0x0000000709800000, 0x0000000709800000, 0x0000000709900000|  0%| F|  |TAMS 0x0000000709800000, 0x0000000709800000| Untracked 
| 137|0x0000000709900000, 0x0000000709900000, 0x0000000709a00000|  0%| F|  |TAMS 0x0000000709900000, 0x0000000709900000| Untracked 
| 138|0x0000000709a00000, 0x0000000709a00000, 0x0000000709b00000|  0%| F|  |TAMS 0x0000000709a00000, 0x0000000709a00000| Untracked 
| 139|0x0000000709b00000, 0x0000000709b00000, 0x0000000709c00000|  0%| F|  |TAMS 0x0000000709b00000, 0x0000000709b00000| Untracked 
| 140|0x0000000709c00000, 0x0000000709c00000, 0x0000000709d00000|  0%| F|  |TAMS 0x0000000709c00000, 0x0000000709c00000| Untracked 
| 141|0x0000000709d00000, 0x0000000709d00000, 0x0000000709e00000|  0%| F|  |TAMS 0x0000000709d00000, 0x0000000709d00000| Untracked 
| 142|0x0000000709e00000, 0x0000000709e00000, 0x0000000709f00000|  0%| F|  |TAMS 0x0000000709e00000, 0x0000000709e00000| Untracked 
| 143|0x0000000709f00000, 0x0000000709f00000, 0x000000070a000000|  0%| F|  |TAMS 0x0000000709f00000, 0x0000000709f00000| Untracked 
| 144|0x000000070a000000, 0x000000070a000000, 0x000000070a100000|  0%| F|  |TAMS 0x000000070a000000, 0x000000070a000000| Untracked 
| 145|0x000000070a100000, 0x000000070a100000, 0x000000070a200000|  0%| F|  |TAMS 0x000000070a100000, 0x000000070a100000| Untracked 
| 146|0x000000070a200000, 0x000000070a200000, 0x000000070a300000|  0%| F|  |TAMS 0x000000070a200000, 0x000000070a200000| Untracked 
| 147|0x000000070a300000, 0x000000070a300000, 0x000000070a400000|  0%| F|  |TAMS 0x000000070a300000, 0x000000070a300000| Untracked 
| 148|0x000000070a400000, 0x000000070a400000, 0x000000070a500000|  0%| F|  |TAMS 0x000000070a400000, 0x000000070a400000| Untracked 
| 149|0x000000070a500000, 0x000000070a500000, 0x000000070a600000|  0%| F|  |TAMS 0x000000070a500000, 0x000000070a500000| Untracked 
| 150|0x000000070a600000, 0x000000070a600000, 0x000000070a700000|  0%| F|  |TAMS 0x000000070a600000, 0x000000070a600000| Untracked 
| 151|0x000000070a700000, 0x000000070a700000, 0x000000070a800000|  0%| F|  |TAMS 0x000000070a700000, 0x000000070a700000| Untracked 
| 152|0x000000070a800000, 0x000000070a800000, 0x000000070a900000|  0%| F|  |TAMS 0x000000070a800000, 0x000000070a800000| Untracked 
| 153|0x000000070a900000, 0x000000070a900000, 0x000000070aa00000|  0%| F|  |TAMS 0x000000070a900000, 0x000000070a900000| Untracked 
| 154|0x000000070aa00000, 0x000000070aa00000, 0x000000070ab00000|  0%| F|  |TAMS 0x000000070aa00000, 0x000000070aa00000| Untracked 
| 155|0x000000070ab00000, 0x000000070ab00000, 0x000000070ac00000|  0%| F|  |TAMS 0x000000070ab00000, 0x000000070ab00000| Untracked 
| 156|0x000000070ac00000, 0x000000070ac00000, 0x000000070ad00000|  0%| F|  |TAMS 0x000000070ac00000, 0x000000070ac00000| Untracked 
| 157|0x000000070ad00000, 0x000000070ad00000, 0x000000070ae00000|  0%| F|  |TAMS 0x000000070ad00000, 0x000000070ad00000| Untracked 
| 158|0x000000070ae00000, 0x000000070ae00000, 0x000000070af00000|  0%| F|  |TAMS 0x000000070ae00000, 0x000000070ae00000| Untracked 
| 159|0x000000070af00000, 0x000000070af00000, 0x000000070b000000|  0%| F|  |TAMS 0x000000070af00000, 0x000000070af00000| Untracked 
| 160|0x000000070b000000, 0x000000070b000000, 0x000000070b100000|  0%| F|  |TAMS 0x000000070b000000, 0x000000070b000000| Untracked 
| 161|0x000000070b100000, 0x000000070b100000, 0x000000070b200000|  0%| F|  |TAMS 0x000000070b100000, 0x000000070b100000| Untracked 
| 162|0x000000070b200000, 0x000000070b200000, 0x000000070b300000|  0%| F|  |TAMS 0x000000070b200000, 0x000000070b200000| Untracked 
| 163|0x000000070b300000, 0x000000070b300000, 0x000000070b400000|  0%| F|  |TAMS 0x000000070b300000, 0x000000070b300000| Untracked 
| 164|0x000000070b400000, 0x000000070b400000, 0x000000070b500000|  0%| F|  |TAMS 0x000000070b400000, 0x000000070b400000| Untracked 
| 165|0x000000070b500000, 0x000000070b500000, 0x000000070b600000|  0%| F|  |TAMS 0x000000070b500000, 0x000000070b500000| Untracked 
| 166|0x000000070b600000, 0x000000070b600000, 0x000000070b700000|  0%| F|  |TAMS 0x000000070b600000, 0x000000070b600000| Untracked 
| 167|0x000000070b700000, 0x000000070b700000, 0x000000070b800000|  0%| F|  |TAMS 0x000000070b700000, 0x000000070b700000| Untracked 
| 168|0x000000070b800000, 0x000000070b800000, 0x000000070b900000|  0%| F|  |TAMS 0x000000070b800000, 0x000000070b800000| Untracked 
| 169|0x000000070b900000, 0x000000070b900000, 0x000000070ba00000|  0%| F|  |TAMS 0x000000070b900000, 0x000000070b900000| Untracked 
| 170|0x000000070ba00000, 0x000000070ba00000, 0x000000070bb00000|  0%| F|  |TAMS 0x000000070ba00000, 0x000000070ba00000| Untracked 
| 171|0x000000070bb00000, 0x000000070bb00000, 0x000000070bc00000|  0%| F|  |TAMS 0x000000070bb00000, 0x000000070bb00000| Untracked 
| 172|0x000000070bc00000, 0x000000070bc00000, 0x000000070bd00000|  0%| F|  |TAMS 0x000000070bc00000, 0x000000070bc00000| Untracked 
| 173|0x000000070bd00000, 0x000000070bd00000, 0x000000070be00000|  0%| F|  |TAMS 0x000000070bd00000, 0x000000070bd00000| Untracked 
| 174|0x000000070be00000, 0x000000070be00000, 0x000000070bf00000|  0%| F|  |TAMS 0x000000070be00000, 0x000000070be00000| Untracked 
| 175|0x000000070bf00000, 0x000000070bf00000, 0x000000070c000000|  0%| F|  |TAMS 0x000000070bf00000, 0x000000070bf00000| Untracked 
| 176|0x000000070c000000, 0x000000070c000000, 0x000000070c100000|  0%| F|  |TAMS 0x000000070c000000, 0x000000070c000000| Untracked 
| 177|0x000000070c100000, 0x000000070c100000, 0x000000070c200000|  0%| F|  |TAMS 0x000000070c100000, 0x000000070c100000| Untracked 
| 178|0x000000070c200000, 0x000000070c200000, 0x000000070c300000|  0%| F|  |TAMS 0x000000070c200000, 0x000000070c200000| Untracked 
| 179|0x000000070c300000, 0x000000070c300000, 0x000000070c400000|  0%| F|  |TAMS 0x000000070c300000, 0x000000070c300000| Untracked 
| 180|0x000000070c400000, 0x000000070c400000, 0x000000070c500000|  0%| F|  |TAMS 0x000000070c400000, 0x000000070c400000| Untracked 
| 181|0x000000070c500000, 0x000000070c500000, 0x000000070c600000|  0%| F|  |TAMS 0x000000070c500000, 0x000000070c500000| Untracked 
| 182|0x000000070c600000, 0x000000070c600000, 0x000000070c700000|  0%| F|  |TAMS 0x000000070c600000, 0x000000070c600000| Untracked 
| 183|0x000000070c700000, 0x000000070c700000, 0x000000070c800000|  0%| F|  |TAMS 0x000000070c700000, 0x000000070c700000| Untracked 
| 184|0x000000070c800000, 0x000000070c800000, 0x000000070c900000|  0%| F|  |TAMS 0x000000070c800000, 0x000000070c800000| Untracked 
| 185|0x000000070c900000, 0x000000070c900000, 0x000000070ca00000|  0%| F|  |TAMS 0x000000070c900000, 0x000000070c900000| Untracked 
| 186|0x000000070ca00000, 0x000000070ca00000, 0x000000070cb00000|  0%| F|  |TAMS 0x000000070ca00000, 0x000000070ca00000| Untracked 
| 187|0x000000070cb00000, 0x000000070cb00000, 0x000000070cc00000|  0%| F|  |TAMS 0x000000070cb00000, 0x000000070cb00000| Untracked 
| 188|0x000000070cc00000, 0x000000070cc00000, 0x000000070cd00000|  0%| F|  |TAMS 0x000000070cc00000, 0x000000070cc00000| Untracked 
| 189|0x000000070cd00000, 0x000000070cd00000, 0x000000070ce00000|  0%| F|  |TAMS 0x000000070cd00000, 0x000000070cd00000| Untracked 
| 190|0x000000070ce00000, 0x000000070ce00000, 0x000000070cf00000|  0%| F|  |TAMS 0x000000070ce00000, 0x000000070ce00000| Untracked 
| 191|0x000000070cf00000, 0x000000070cf00000, 0x000000070d000000|  0%| F|  |TAMS 0x000000070cf00000, 0x000000070cf00000| Untracked 
| 192|0x000000070d000000, 0x000000070d000000, 0x000000070d100000|  0%| F|  |TAMS 0x000000070d000000, 0x000000070d000000| Untracked 
| 193|0x000000070d100000, 0x000000070d100000, 0x000000070d200000|  0%| F|  |TAMS 0x000000070d100000, 0x000000070d100000| Untracked 
| 194|0x000000070d200000, 0x000000070d200000, 0x000000070d300000|  0%| F|  |TAMS 0x000000070d200000, 0x000000070d200000| Untracked 
| 195|0x000000070d300000, 0x000000070d300000, 0x000000070d400000|  0%| F|  |TAMS 0x000000070d300000, 0x000000070d300000| Untracked 
| 196|0x000000070d400000, 0x000000070d400000, 0x000000070d500000|  0%| F|  |TAMS 0x000000070d400000, 0x000000070d400000| Untracked 
| 197|0x000000070d500000, 0x000000070d500000, 0x000000070d600000|  0%| F|  |TAMS 0x000000070d500000, 0x000000070d500000| Untracked 
| 198|0x000000070d600000, 0x000000070d600000, 0x000000070d700000|  0%| F|  |TAMS 0x000000070d600000, 0x000000070d600000| Untracked 
| 199|0x000000070d700000, 0x000000070d700000, 0x000000070d800000|  0%| F|  |TAMS 0x000000070d700000, 0x000000070d700000| Untracked 
| 200|0x000000070d800000, 0x000000070d800000, 0x000000070d900000|  0%| F|  |TAMS 0x000000070d800000, 0x000000070d800000| Untracked 
| 201|0x000000070d900000, 0x000000070d900000, 0x000000070da00000|  0%| F|  |TAMS 0x000000070d900000, 0x000000070d900000| Untracked 
| 202|0x000000070da00000, 0x000000070da00000, 0x000000070db00000|  0%| F|  |TAMS 0x000000070da00000, 0x000000070da00000| Untracked 
| 203|0x000000070db00000, 0x000000070db00000, 0x000000070dc00000|  0%| F|  |TAMS 0x000000070db00000, 0x000000070db00000| Untracked 
| 204|0x000000070dc00000, 0x000000070dc00000, 0x000000070dd00000|  0%| F|  |TAMS 0x000000070dc00000, 0x000000070dc00000| Untracked 
| 205|0x000000070dd00000, 0x000000070dd00000, 0x000000070de00000|  0%| F|  |TAMS 0x000000070dd00000, 0x000000070dd00000| Untracked 
| 206|0x000000070de00000, 0x000000070de00000, 0x000000070df00000|  0%| F|  |TAMS 0x000000070de00000, 0x000000070de00000| Untracked 
| 207|0x000000070df00000, 0x000000070df00000, 0x000000070e000000|  0%| F|  |TAMS 0x000000070df00000, 0x000000070df00000| Untracked 
| 208|0x000000070e000000, 0x000000070e000000, 0x000000070e100000|  0%| F|  |TAMS 0x000000070e000000, 0x000000070e000000| Untracked 
| 209|0x000000070e100000, 0x000000070e100000, 0x000000070e200000|  0%| F|  |TAMS 0x000000070e100000, 0x000000070e100000| Untracked 
| 210|0x000000070e200000, 0x000000070e200000, 0x000000070e300000|  0%| F|  |TAMS 0x000000070e200000, 0x000000070e200000| Untracked 
| 211|0x000000070e300000, 0x000000070e300000, 0x000000070e400000|  0%| F|  |TAMS 0x000000070e300000, 0x000000070e300000| Untracked 
| 212|0x000000070e400000, 0x000000070e400000, 0x000000070e500000|  0%| F|  |TAMS 0x000000070e400000, 0x000000070e400000| Untracked 
| 213|0x000000070e500000, 0x000000070e500000, 0x000000070e600000|  0%| F|  |TAMS 0x000000070e500000, 0x000000070e500000| Untracked 
| 214|0x000000070e600000, 0x000000070e600000, 0x000000070e700000|  0%| F|  |TAMS 0x000000070e600000, 0x000000070e600000| Untracked 
| 215|0x000000070e700000, 0x000000070e700000, 0x000000070e800000|  0%| F|  |TAMS 0x000000070e700000, 0x000000070e700000| Untracked 
| 216|0x000000070e800000, 0x000000070e800000, 0x000000070e900000|  0%| F|  |TAMS 0x000000070e800000, 0x000000070e800000| Untracked 
| 217|0x000000070e900000, 0x000000070e900000, 0x000000070ea00000|  0%| F|  |TAMS 0x000000070e900000, 0x000000070e900000| Untracked 
| 218|0x000000070ea00000, 0x000000070ea00000, 0x000000070eb00000|  0%| F|  |TAMS 0x000000070ea00000, 0x000000070ea00000| Untracked 
| 219|0x000000070eb00000, 0x000000070eb00000, 0x000000070ec00000|  0%| F|  |TAMS 0x000000070eb00000, 0x000000070eb00000| Untracked 
| 220|0x000000070ec00000, 0x000000070ec00000, 0x000000070ed00000|  0%| F|  |TAMS 0x000000070ec00000, 0x000000070ec00000| Untracked 
| 221|0x000000070ed00000, 0x000000070ed00000, 0x000000070ee00000|  0%| F|  |TAMS 0x000000070ed00000, 0x000000070ed00000| Untracked 
| 222|0x000000070ee00000, 0x000000070ee00000, 0x000000070ef00000|  0%| F|  |TAMS 0x000000070ee00000, 0x000000070ee00000| Untracked 
| 223|0x000000070ef00000, 0x000000070ef00000, 0x000000070f000000|  0%| F|  |TAMS 0x000000070ef00000, 0x000000070ef00000| Untracked 
| 224|0x000000070f000000, 0x000000070f000000, 0x000000070f100000|  0%| F|  |TAMS 0x000000070f000000, 0x000000070f000000| Untracked 
| 225|0x000000070f100000, 0x000000070f100000, 0x000000070f200000|  0%| F|  |TAMS 0x000000070f100000, 0x000000070f100000| Untracked 
| 226|0x000000070f200000, 0x000000070f200000, 0x000000070f300000|  0%| F|  |TAMS 0x000000070f200000, 0x000000070f200000| Untracked 
| 227|0x000000070f300000, 0x000000070f300000, 0x000000070f400000|  0%| F|  |TAMS 0x000000070f300000, 0x000000070f300000| Untracked 
| 228|0x000000070f400000, 0x000000070f400000, 0x000000070f500000|  0%| F|  |TAMS 0x000000070f400000, 0x000000070f400000| Untracked 
| 229|0x000000070f500000, 0x000000070f500000, 0x000000070f600000|  0%| F|  |TAMS 0x000000070f500000, 0x000000070f500000| Untracked 
| 230|0x000000070f600000, 0x000000070f600000, 0x000000070f700000|  0%| F|  |TAMS 0x000000070f600000, 0x000000070f600000| Untracked 
| 231|0x000000070f700000, 0x000000070f700000, 0x000000070f800000|  0%| F|  |TAMS 0x000000070f700000, 0x000000070f700000| Untracked 
| 232|0x000000070f800000, 0x000000070f800000, 0x000000070f900000|  0%| F|  |TAMS 0x000000070f800000, 0x000000070f800000| Untracked 
| 233|0x000000070f900000, 0x000000070f900000, 0x000000070fa00000|  0%| F|  |TAMS 0x000000070f900000, 0x000000070f900000| Untracked 
| 234|0x000000070fa00000, 0x000000070fa00000, 0x000000070fb00000|  0%| F|  |TAMS 0x000000070fa00000, 0x000000070fa00000| Untracked 
| 235|0x000000070fb00000, 0x000000070fb00000, 0x000000070fc00000|  0%| F|  |TAMS 0x000000070fb00000, 0x000000070fb00000| Untracked 
| 236|0x000000070fc00000, 0x000000070fc00000, 0x000000070fd00000|  0%| F|  |TAMS 0x000000070fc00000, 0x000000070fc00000| Untracked 
| 237|0x000000070fd00000, 0x000000070fd00000, 0x000000070fe00000|  0%| F|  |TAMS 0x000000070fd00000, 0x000000070fd00000| Untracked 
| 238|0x000000070fe00000, 0x000000070fe00000, 0x000000070ff00000|  0%| F|  |TAMS 0x000000070fe00000, 0x000000070fe00000| Untracked 
| 239|0x000000070ff00000, 0x000000070ff00000, 0x0000000710000000|  0%| F|  |TAMS 0x000000070ff00000, 0x000000070ff00000| Untracked 
| 240|0x0000000710000000, 0x0000000710000000, 0x0000000710100000|  0%| F|  |TAMS 0x0000000710000000, 0x0000000710000000| Untracked 
| 241|0x0000000710100000, 0x0000000710100000, 0x0000000710200000|  0%| F|  |TAMS 0x0000000710100000, 0x0000000710100000| Untracked 
| 242|0x0000000710200000, 0x0000000710200000, 0x0000000710300000|  0%| F|  |TAMS 0x0000000710200000, 0x0000000710200000| Untracked 
| 243|0x0000000710300000, 0x0000000710300000, 0x0000000710400000|  0%| F|  |TAMS 0x0000000710300000, 0x0000000710300000| Untracked 
| 244|0x0000000710400000, 0x0000000710400000, 0x0000000710500000|  0%| F|  |TAMS 0x0000000710400000, 0x0000000710400000| Untracked 
| 245|0x0000000710500000, 0x0000000710500000, 0x0000000710600000|  0%| F|  |TAMS 0x0000000710500000, 0x0000000710500000| Untracked 
| 246|0x0000000710600000, 0x0000000710600000, 0x0000000710700000|  0%| F|  |TAMS 0x0000000710600000, 0x0000000710600000| Untracked 
| 247|0x0000000710700000, 0x0000000710700000, 0x0000000710800000|  0%| F|  |TAMS 0x0000000710700000, 0x0000000710700000| Untracked 
| 248|0x0000000710800000, 0x0000000710800000, 0x0000000710900000|  0%| F|  |TAMS 0x0000000710800000, 0x0000000710800000| Untracked 
| 249|0x0000000710900000, 0x0000000710900000, 0x0000000710a00000|  0%| F|  |TAMS 0x0000000710900000, 0x0000000710900000| Untracked 
| 250|0x0000000710a00000, 0x0000000710a00000, 0x0000000710b00000|  0%| F|  |TAMS 0x0000000710a00000, 0x0000000710a00000| Untracked 
| 251|0x0000000710b00000, 0x0000000710b00000, 0x0000000710c00000|  0%| F|  |TAMS 0x0000000710b00000, 0x0000000710b00000| Untracked 
| 252|0x0000000710c00000, 0x0000000710c00000, 0x0000000710d00000|  0%| F|  |TAMS 0x0000000710c00000, 0x0000000710c00000| Untracked 
| 253|0x0000000710d00000, 0x0000000710df6478, 0x0000000710e00000| 96%| E|  |TAMS 0x0000000710d00000, 0x0000000710d00000| Complete 
| 254|0x0000000710e00000, 0x0000000710f00000, 0x0000000710f00000|100%| E|CS|TAMS 0x0000000710e00000, 0x0000000710e00000| Complete 
| 255|0x0000000710f00000, 0x0000000711000000, 0x0000000711000000|100%| E|CS|TAMS 0x0000000710f00000, 0x0000000710f00000| Complete 

Card table byte_map: [0x0000021677f20000,0x0000021678720000] _byte_map_base: 0x0000021674718000

Marking Bits (Prev, Next): (CMBitMap*) 0x000002166ea9d3e8, (CMBitMap*) 0x000002166ea9d420
 Prev Bits: [0x0000021678f20000, 0x000002167cee0000)
 Next Bits: [0x000002160f000000, 0x0000021612fc0000)

Polling page: 0x000002166c7f0000

Metaspace:

Usage:
  Non-class:      6.06 MB capacity,     5.98 MB ( 99%) used,    83.60 KB (  1%) free+waste,     4.50 KB ( <1%) overhead. 
      Class:    643.00 KB capacity,   582.62 KB ( 91%) used,    58.20 KB (  9%) free+waste,     2.19 KB ( <1%) overhead. 
       Both:      6.69 MB capacity,     6.54 MB ( 98%) used,   141.80 KB (  2%) free+waste,     6.69 KB ( <1%) overhead. 

Virtual space:
  Non-class space:        8.00 MB reserved,       6.25 MB ( 78%) committed 
      Class space:        1.00 GB reserved,     768.00 KB ( <1%) committed 
             Both:        1.01 GB reserved,       7.00 MB ( <1%) committed 

Chunk freelists:
   Non-Class:  1.00 KB
       Class:  29.00 KB
        Both:  30.00 KB

MaxMetaspaceSize: 17179869184.00 GB
CompressedClassSpaceSize: 1.00 GB
Initial GC threshold: 20.80 MB
Current GC threshold: 20.80 MB
CDS: off

CodeHeap 'non-profiled nmethods': size=120000Kb used=102Kb max_used=102Kb free=119897Kb
 bounds [0x0000021607ad0000, 0x0000021607d40000, 0x000002160f000000]
CodeHeap 'profiled nmethods': size=120000Kb used=390Kb max_used=390Kb free=119609Kb
 bounds [0x00000216005a0000, 0x0000021600810000, 0x0000021607ad0000]
CodeHeap 'non-nmethods': size=5760Kb used=1099Kb max_used=1111Kb free=4660Kb
 bounds [0x0000021600000000, 0x0000021600270000, 0x00000216005a0000]
 total_blobs=672 nmethods=329 adapters=256
 compilation: enabled
              stopped_count=0, restarted_count=0
 full_count=0

Compilation events (20 events):
Event: 0.146 Thread 0x00000216138bd800  321       3       java.util.zip.ZipFile$Source::getEntryPos (206 bytes)
Event: 0.147 Thread 0x00000216138bd800 nmethod 321 0x00000216005fe310 code [0x00000216005fe5a0, 0x00000216005ff348]
Event: 0.147 Thread 0x00000216138bd800  318       3       java.lang.StringUTF16::checkBoundsBeginEnd (10 bytes)
Event: 0.147 Thread 0x00000216138bd800 nmethod 318 0x00000216005ffa10 code [0x00000216005ffbe0, 0x00000216005ffd48]
Event: 0.149 Thread 0x00000216138bd800  323       3       sun.nio.cs.SingleByte$Encoder::encode (32 bytes)
Event: 0.149 Thread 0x00000216138bd800 nmethod 323 0x00000216005ffe90 code [0x0000021600600040, 0x00000216006001f8]
Event: 0.149 Thread 0x00000216138bd800  322       3       java.nio.HeapByteBuffer::ix (7 bytes)
Event: 0.149 Thread 0x00000216138bd800 nmethod 322 0x0000021600600310 code [0x00000216006004c0, 0x00000216006005b8]
Event: 0.149 Thread 0x00000216138bd800  324       1       java.nio.Buffer::position (5 bytes)
Event: 0.150 Thread 0x00000216138bd800 nmethod 324 0x0000021607ae9510 code [0x0000021607ae96c0, 0x0000021607ae9778]
Event: 0.150 Thread 0x00000216138bd800  325       1       java.nio.Buffer::limit (5 bytes)
Event: 0.150 Thread 0x00000216138bd800 nmethod 325 0x0000021607ae9810 code [0x0000021607ae99c0, 0x0000021607ae9a78]
Event: 0.150 Thread 0x00000216138bd800  326       3       java.util.Collections$UnmodifiableCollection$1::next (10 bytes)
Event: 0.150 Thread 0x00000216138bd800 nmethod 326 0x0000021600600690 code [0x0000021600600840, 0x0000021600600a08]
Event: 0.150 Thread 0x00000216138bd800  327       3       java.nio.Buffer::position (52 bytes)
Event: 0.150 Thread 0x00000216138bd800 nmethod 327 0x0000021600600b10 code [0x0000021600600ce0, 0x0000021600600f48]
Event: 0.150 Thread 0x00000216138bd800  328       3       java.nio.ByteBuffer::arrayOffset (35 bytes)
Event: 0.151 Thread 0x00000216138bd800 nmethod 328 0x0000021600601010 code [0x00000216006011e0, 0x0000021600601458]
Event: 0.151 Thread 0x00000216138bd800  329       3       java.nio.CharBuffer::arrayOffset (35 bytes)
Event: 0.151 Thread 0x00000216138bd800 nmethod 329 0x0000021600601590 code [0x0000021600601760, 0x00000216006019d8]

GC Heap History (0 events):
No events

Deoptimization events (20 events):
Event: 0.106 Thread 0x000002166ea36800 Uncommon trap: trap_request=0xffffffde fr.pc=0x0000021607ade35c relative=0x0000000000000b5c
Event: 0.106 Thread 0x000002166ea36800 Uncommon trap: reason=class_check action=maybe_recompile pc=0x0000021607ade35c method=java.util.HashMap.putVal(ILjava/lang/Object;Ljava/lang/Object;ZZ)Ljava/lang/Object; @ 152 c2
Event: 0.106 Thread 0x000002166ea36800 DEOPT PACKING pc=0x0000021607ade35c sp=0x00000022872faab0
Event: 0.106 Thread 0x000002166ea36800 DEOPT UNPACKING pc=0x000002160004a1af sp=0x00000022872faa30 mode 2
Event: 0.106 Thread 0x000002166ea36800 Uncommon trap: trap_request=0xffffffde fr.pc=0x0000021607ade35c relative=0x0000000000000b5c
Event: 0.106 Thread 0x000002166ea36800 Uncommon trap: reason=class_check action=maybe_recompile pc=0x0000021607ade35c method=java.util.HashMap.putVal(ILjava/lang/Object;Ljava/lang/Object;ZZ)Ljava/lang/Object; @ 152 c2
Event: 0.106 Thread 0x000002166ea36800 DEOPT PACKING pc=0x0000021607ade35c sp=0x00000022872faab0
Event: 0.106 Thread 0x000002166ea36800 DEOPT UNPACKING pc=0x000002160004a1af sp=0x00000022872faa30 mode 2
Event: 0.106 Thread 0x000002166ea36800 Uncommon trap: trap_request=0xffffffde fr.pc=0x0000021607ade35c relative=0x0000000000000b5c
Event: 0.106 Thread 0x000002166ea36800 Uncommon trap: reason=class_check action=maybe_recompile pc=0x0000021607ade35c method=java.util.HashMap.putVal(ILjava/lang/Object;Ljava/lang/Object;ZZ)Ljava/lang/Object; @ 152 c2
Event: 0.106 Thread 0x000002166ea36800 DEOPT PACKING pc=0x0000021607ade35c sp=0x00000022872faab0
Event: 0.106 Thread 0x000002166ea36800 DEOPT UNPACKING pc=0x000002160004a1af sp=0x00000022872faa30 mode 2
Event: 0.106 Thread 0x000002166ea36800 Uncommon trap: trap_request=0xffffffde fr.pc=0x0000021607ade35c relative=0x0000000000000b5c
Event: 0.106 Thread 0x000002166ea36800 Uncommon trap: reason=class_check action=maybe_recompile pc=0x0000021607ade35c method=java.util.HashMap.putVal(ILjava/lang/Object;Ljava/lang/Object;ZZ)Ljava/lang/Object; @ 152 c2
Event: 0.106 Thread 0x000002166ea36800 DEOPT PACKING pc=0x0000021607ade35c sp=0x00000022872faab0
Event: 0.106 Thread 0x000002166ea36800 DEOPT UNPACKING pc=0x000002160004a1af sp=0x00000022872faa30 mode 2
Event: 0.109 Thread 0x000002166ea36800 DEOPT PACKING pc=0x00000216005da4cb sp=0x00000022872faa30
Event: 0.109 Thread 0x000002166ea36800 DEOPT UNPACKING pc=0x000002160004a95e sp=0x00000022872f9f00 mode 0
Event: 0.110 Thread 0x000002166ea36800 DEOPT PACKING pc=0x00000216005da4cb sp=0x00000022872faa30
Event: 0.110 Thread 0x000002166ea36800 DEOPT UNPACKING pc=0x000002160004a95e sp=0x00000022872f9f00 mode 0

Classes redefined (0 events):
No events

Internal exceptions (2 events):
Event: 0.149 Thread 0x000002166ea36800 Exception <a 'java/io/FileNotFoundException'{0x0000000710de47a8}> (0x0000000710de47a8) thrown at [s\src\hotspot\share\prims\jni.cpp, line 617]
Event: 0.150 Thread 0x000002166ea36800 Exception <a 'java/lang/reflect/InvocationTargetException'{0x0000000710deabc0}> (0x0000000710deabc0) thrown at [s\src\hotspot\share\runtime\reflection.cpp, line 1245]

Events (20 events):
Event: 0.144 loading class org/jacoco/agent/rt/internal_43f5073/core/runtime/AbstractRuntime
Event: 0.144 loading class org/jacoco/agent/rt/internal_43f5073/core/runtime/AbstractRuntime done
Event: 0.144 loading class org/jacoco/agent/rt/internal_43f5073/Agent$2
Event: 0.144 loading class org/jacoco/agent/rt/internal_43f5073/Agent$2 done
Event: 0.145 loading class java/lang/NoSuchFieldError
Event: 0.145 loading class java/lang/IncompatibleClassChangeError
Event: 0.145 loading class java/lang/IncompatibleClassChangeError done
Event: 0.145 loading class java/lang/NoSuchFieldError done
Event: 0.145 loading class org/jacoco/agent/rt/internal_43f5073/output/FileOutput
Event: 0.145 loading class org/jacoco/agent/rt/internal_43f5073/output/FileOutput done
Event: 0.149 loading class java/io/FileNotFoundException
Event: 0.149 loading class java/io/FileNotFoundException done
Event: 0.149 loading class java/lang/Throwable$WrappedPrintStream
Event: 0.149 loading class java/lang/Throwable$PrintStreamOrWriter
Event: 0.149 loading class java/lang/Throwable$PrintStreamOrWriter done
Event: 0.149 loading class java/lang/Throwable$WrappedPrintStream done
Event: 0.149 loading class java/lang/StackTraceElement$HashedModules
Event: 0.149 loading class java/lang/StackTraceElement$HashedModules done
Event: 0.150 loading class java/lang/reflect/InvocationTargetException
Event: 0.150 loading class java/lang/reflect/InvocationTargetException done


Dynamic libraries:
0x00007ff6b7440000 - 0x00007ff6b744e000 	C:\Users\Андрей\.jdks\corretto-11.0.22\bin\java.exe
0x00007ffcb02b0000 - 0x00007ffcb04a8000 	C:\WINDOWS\SYSTEM32\ntdll.dll
0x00007ffcb0080000 - 0x00007ffcb013d000 	C:\WINDOWS\System32\KERNEL32.DLL
0x00007ffcadfb0000 - 0x00007ffcae2a6000 	C:\WINDOWS\System32\KERNELBASE.dll
0x00007ffcad9d0000 - 0x00007ffcadad0000 	C:\WINDOWS\System32\ucrtbase.dll
0x00007ffc99110000 - 0x00007ffc99127000 	C:\Users\Андрей\.jdks\corretto-11.0.22\bin\jli.dll
0x00007ffcaf930000 - 0x00007ffcaface000 	C:\WINDOWS\System32\USER32.dll
0x00007ffcadd30000 - 0x00007ffcadd52000 	C:\WINDOWS\System32\win32u.dll
0x00007ffcafad0000 - 0x00007ffcafafb000 	C:\WINDOWS\System32\GDI32.dll
0x00007ffcadc10000 - 0x00007ffcadd27000 	C:\WINDOWS\System32\gdi32full.dll
0x00007ffcadf10000 - 0x00007ffcadfad000 	C:\WINDOWS\System32\msvcp_win.dll
0x00007ffc98720000 - 0x00007ffc9873b000 	C:\Users\Андрей\.jdks\corretto-11.0.22\bin\VCRUNTIME140.dll
0x00007ffc95fa0000 - 0x00007ffc9623a000 	C:\WINDOWS\WinSxS\amd64_microsoft.windows.common-controls_6595b64144ccf1df_6.0.19041.3636_none_60b6a03d71f818d5\COMCTL32.dll
0x00007ffcae750000 - 0x00007ffcae7ee000 	C:\WINDOWS\System32\msvcrt.dll
0x00007ffcae800000 - 0x00007ffcae832000 	C:\WINDOWS\System32\IMM32.DLL
0x00007ffca1440000 - 0x00007ffca144c000 	C:\Users\Андрей\.jdks\corretto-11.0.22\bin\vcruntime140_1.dll
0x00007ffc89810000 - 0x00007ffc8989d000 	C:\Users\Андрей\.jdks\corretto-11.0.22\bin\msvcp140.dll
0x00007ffc6a3c0000 - 0x00007ffc6af83000 	C:\Users\Андрей\.jdks\corretto-11.0.22\bin\server\jvm.dll
0x00007ffcb01c0000 - 0x00007ffcb0270000 	C:\WINDOWS\System32\ADVAPI32.dll
0x00007ffcaffe0000 - 0x00007ffcb0080000 	C:\WINDOWS\System32\sechost.dll
0x00007ffcaec60000 - 0x00007ffcaed85000 	C:\WINDOWS\System32\RPCRT4.dll
0x00007ffcae2b0000 - 0x00007ffcae2d7000 	C:\WINDOWS\System32\bcrypt.dll
0x00007ffcaff40000 - 0x00007ffcaff48000 	C:\WINDOWS\System32\PSAPI.DLL
0x00007ffca90b0000 - 0x00007ffca90b9000 	C:\WINDOWS\SYSTEM32\WSOCK32.dll
0x00007ffcaf150000 - 0x00007ffcaf1bb000 	C:\WINDOWS\System32\WS2_32.dll
0x00007ffc9b6c0000 - 0x00007ffc9b6e7000 	C:\WINDOWS\SYSTEM32\WINMM.dll
0x00007ffca5d70000 - 0x00007ffca5d7a000 	C:\WINDOWS\SYSTEM32\VERSION.dll
0x00007ffcab830000 - 0x00007ffcab842000 	C:\WINDOWS\SYSTEM32\kernel.appcore.dll
0x00007ffca0ef0000 - 0x00007ffca0f00000 	C:\Users\Андрей\.jdks\corretto-11.0.22\bin\verify.dll
0x00007ffc992b0000 - 0x00007ffc99494000 	C:\WINDOWS\SYSTEM32\DBGHELP.DLL
0x00007ffc8ab10000 - 0x00007ffc8ab44000 	C:\WINDOWS\SYSTEM32\dbgcore.DLL
0x00007ffcadad0000 - 0x00007ffcadb52000 	C:\WINDOWS\System32\bcryptPrimitives.dll
0x00007ffc97260000 - 0x00007ffc97288000 	C:\Users\Андрей\.jdks\corretto-11.0.22\bin\java.dll
0x00007ffc98710000 - 0x00007ffc9871a000 	C:\Users\Андрей\.jdks\corretto-11.0.22\bin\jimage.dll
0x00007ffca5220000 - 0x00007ffca522e000 	C:\Users\Андрей\.jdks\corretto-11.0.22\bin\instrument.dll
0x00007ffc97110000 - 0x00007ffc97128000 	C:\Users\Андрей\.jdks\corretto-11.0.22\bin\zip.dll
0x00007ffcaf1c0000 - 0x00007ffcaf92b000 	C:\WINDOWS\System32\SHELL32.dll
0x00007ffcaba30000 - 0x00007ffcac1ce000 	C:\WINDOWS\SYSTEM32\windows.storage.dll
0x00007ffcae8a0000 - 0x00007ffcaebf3000 	C:\WINDOWS\System32\combase.dll
0x00007ffcad390000 - 0x00007ffcad3be000 	C:\WINDOWS\SYSTEM32\Wldp.dll
0x00007ffcafe70000 - 0x00007ffcaff3d000 	C:\WINDOWS\System32\OLEAUT32.dll
0x00007ffcafb00000 - 0x00007ffcafbad000 	C:\WINDOWS\System32\SHCORE.dll
0x00007ffcaf0f0000 - 0x00007ffcaf145000 	C:\WINDOWS\System32\shlwapi.dll
0x00007ffcad890000 - 0x00007ffcad8b5000 	C:\WINDOWS\SYSTEM32\profapi.dll
0x00007ffc95e80000 - 0x00007ffc95e99000 	C:\Users\Андрей\.jdks\corretto-11.0.22\bin\net.dll
0x00007ffca5ea0000 - 0x00007ffca5faa000 	C:\WINDOWS\SYSTEM32\WINHTTP.dll
0x00007ffcad0f0000 - 0x00007ffcad15a000 	C:\WINDOWS\system32\mswsock.dll
0x00007ffc95a40000 - 0x00007ffc95a52000 	C:\Users\Андрей\.jdks\corretto-11.0.22\bin\nio.dll
0x00007ffc8e030000 - 0x00007ffc8e047000 	C:\WINDOWS\system32\napinsp.dll
0x00007ffc8dd90000 - 0x00007ffc8ddab000 	C:\WINDOWS\system32\pnrpnsp.dll
0x00007ffc88680000 - 0x00007ffc88695000 	C:\WINDOWS\system32\wshbth.dll
0x00007ffca9040000 - 0x00007ffca905d000 	C:\WINDOWS\system32\NLAapi.dll
0x00007ffcacd70000 - 0x00007ffcacdab000 	C:\WINDOWS\SYSTEM32\IPHLPAPI.DLL
0x00007ffcacdc0000 - 0x00007ffcace8b000 	C:\WINDOWS\SYSTEM32\DNSAPI.dll
0x00007ffcae7f0000 - 0x00007ffcae7f8000 	C:\WINDOWS\System32\NSI.dll
0x00007ffc8c870000 - 0x00007ffc8c882000 	C:\WINDOWS\System32\winrnr.dll
0x00007ffc96bb0000 - 0x00007ffc96bba000 	C:\Windows\System32\rasadhlp.dll
0x00007ffc96bc0000 - 0x00007ffc96c40000 	C:\WINDOWS\System32\fwpuclnt.dll

dbghelp: loaded successfully - version: 4.0.5 - missing functions: none
symbol engine: initialized successfully - sym options: 0x614 - pdb path: .;C:\Users\Андрей\.jdks\corretto-11.0.22\bin;C:\WINDOWS\SYSTEM32;C:\WINDOWS\WinSxS\amd64_microsoft.windows.common-controls_6595b64144ccf1df_6.0.19041.3636_none_60b6a03d71f818d5;C:\Users\Андрей\.jdks\corretto-11.0.22\bin\server

VM Arguments:
jvm_args: -javaagent:C:\\Users\\Андрей\\.m2\\repository\\org\\jacoco\\org.jacoco.agent\\0.8.5\\org.jacoco.agent-0.8.5-runtime.jar=destfile=C:\\Users\\Андрей\\OneDrive\\Рабочий стол\\GitHubCIJacoco\\GitHubCIJacoco\\target\\jacoco.exec 
java_command: C:\Users\Андрей\AppData\Local\Temp\surefire3264963699418380863\surefirebooter9813864728157494164.jar C:\Users\Андрей\AppData\Local\Temp\surefire3264963699418380863 2024-04-08T20-13-10_806-jvmRun1 surefire6648903875150806355tmp surefire_02262142218724256752tmp
java_class_path (initial): C:\Users\Андрей\AppData\Local\Temp\surefire3264963699418380863\surefirebooter9813864728157494164.jar
Launcher Type: SUN_STANDARD

[Global flags]
     intx CICompilerCount                          = 4                                         {product} {ergonomic}
     uint ConcGCThreads                            = 3                                         {product} {ergonomic}
     uint G1ConcRefinementThreads                  = 10                                        {product} {ergonomic}
   size_t G1HeapRegionSize                         = 1048576                                   {product} {ergonomic}
    uintx GCDrainStackTargetSize                   = 64                                        {product} {ergonomic}
   size_t InitialHeapSize                          = 268435456                                 {product} {ergonomic}
   size_t MarkStackSize                            = 4194304                                   {product} {ergonomic}
   size_t MaxHeapSize                              = 4278190080                                {product} {ergonomic}
   size_t MaxNewSize                               = 2566914048                                {product} {ergonomic}
   size_t MinHeapDeltaBytes                        = 1048576                                   {product} {ergonomic}
    uintx NonNMethodCodeHeapSize                   = 5836300                                {pd product} {ergonomic}
    uintx NonProfiledCodeHeapSize                  = 122910970                              {pd product} {ergonomic}
    uintx ProfiledCodeHeapSize                     = 122910970                              {pd product} {ergonomic}
    uintx ReservedCodeCacheSize                    = 251658240                              {pd product} {ergonomic}
     bool SegmentedCodeCache                       = true                                      {product} {ergonomic}
     bool UseCompressedClassPointers               = true                                 {lp64_product} {ergonomic}
     bool UseCompressedOops                        = true                                 {lp64_product} {ergonomic}
     bool UseG1GC                                  = true                                      {product} {ergonomic}
     bool UseLargePagesIndividualAllocation        = false                                  {pd product} {ergonomic}

Logging:
Log output configuration:
 #0: stdout all=warning uptime,level,tags
 #1: stderr all=off uptime,level,tags

Environment Variables:
PATH=C:\Program Files\Eclipse Adoptium\jdk-11.0.21.9-hotspot\bin;C:\WINDOWS\system32;C:\WINDOWS;C:\WINDOWS\System32\Wbem;C:\WINDOWS\System32\WindowsPowerShell\v1.0\;C:\WINDOWS\System32\OpenSSH\;C:\Program Files\NVIDIA Corporation\NVIDIA NvDLISR;C:\Program Files (x86)\NVIDIA Corporation\PhysX\Common;C:\Program Files\Git\cmd;C:\Users\Андрей\AppData\Local\Microsoft\WindowsApps;;C:\Users\Андрей\AppData\Local\Programs\Microsoft VS Code\bin
USERNAME=Андрей
OS=Windows_NT
PROCESSOR_IDENTIFIER=AMD64 Family 23 Model 113 Stepping 0, AuthenticAMD
TMP=C:\Users\Андрей\AppData\Local\Temp
TEMP=C:\Users\Андрей\AppData\Local\Temp



---------------  S Y S T E M  ---------------

OS: Windows 10 , 64 bit Build 19041 (10.0.19041.3636)
OS uptime: 6 days 7:46 hours

CPU:total 12 (initial active 12) (12 cores per cpu, 2 threads per core) family 23 model 113 stepping 0 microcode 0x0, cmov, cx8, fxsr, mmx, sse, sse2, sse3, ssse3, sse4.1, sse4.2, popcnt, avx, avx2, aes, clmul, mmxext, 3dnowpref, lzcnt, sse4a, ht, tsc, tscinvbit, tscinv, bmi1, bmi2, adx, sha, fma

Memory: 4k page, system-wide physical 16313M (7847M free)
TotalPageFile size 18745M (AvailPageFile size 5479M)
current process WorkingSet (physical memory assigned to process): 46M, peak: 46M
current process commit charge ("private bytes"): 347M, peak: 347M

vm_info: OpenJDK 64-Bit Server VM (11.0.22+7-LTS) for windows-amd64 JRE (11.0.22+7-LTS), built on Jan 10 2024 19:54:00 by "Administrator" with MS VC++ 16.10 / 16.11 (VS2019)

END.
